2014-07-04 10:27:03[com.ltmonitor.jt809.server.LocalServerHandler(58)-ERROR] 上级平台与本地服务器断开连接：3
2014-07-04 10:31:42[com.ltmonitor.jt809.server.PlatformClient(89)-ERROR] 主链路连接失败,服务器:192.168.10.210:8900
org.apache.mina.core.RuntimeIoException: Failed to get the session.
	at org.apache.mina.core.future.DefaultConnectFuture.getSession(DefaultConnectFuture.java:60)
	at com.ltmonitor.jt809.server.PlatformClient.start(PlatformClient.java:83)
	at com.ltmonitor.jt809.app.T809Manager.StartServer(T809Manager.java:330)
	at com.ltmonitor.jt809.frame.MainFrame.ConnectMainLink(MainFrame.java:355)
	at com.ltmonitor.jt809.frame.MainFrame.access$6(MainFrame.java:349)
	at com.ltmonitor.jt809.frame.MainFrame$7.actionPerformed(MainFrame.java:202)
	at javax.swing.AbstractButton.fireActionPerformed(AbstractButton.java:1995)
	at javax.swing.AbstractButton$Handler.actionPerformed(AbstractButton.java:2318)
	at javax.swing.DefaultButtonModel.fireActionPerformed(DefaultButtonModel.java:387)
	at javax.swing.DefaultButtonModel.setPressed(DefaultButtonModel.java:242)
	at javax.swing.plaf.basic.BasicButtonListener.mouseReleased(BasicButtonListener.java:236)
	at java.awt.Component.processMouseEvent(Component.java:6216)
	at javax.swing.JComponent.processMouseEvent(JComponent.java:3265)
	at java.awt.Component.processEvent(Component.java:5981)
	at java.awt.Container.processEvent(Container.java:2041)
	at java.awt.Component.dispatchEventImpl(Component.java:4583)
	at java.awt.Container.dispatchEventImpl(Container.java:2099)
	at java.awt.Component.dispatchEvent(Component.java:4413)
	at java.awt.LightweightDispatcher.retargetMouseEvent(Container.java:4556)
	at java.awt.LightweightDispatcher.processMouseEvent(Container.java:4220)
	at java.awt.LightweightDispatcher.dispatchEvent(Container.java:4150)
	at java.awt.Container.dispatchEventImpl(Container.java:2085)
	at java.awt.Window.dispatchEventImpl(Window.java:2475)
	at java.awt.Component.dispatchEvent(Component.java:4413)
	at java.awt.EventQueue.dispatchEvent(EventQueue.java:599)
	at java.awt.EventDispatchThread.pumpOneEventForFilters(EventDispatchThread.java:269)
	at java.awt.EventDispatchThread.pumpEventsForFilter(EventDispatchThread.java:184)
	at java.awt.EventDispatchThread.pumpEventsForHierarchy(EventDispatchThread.java:174)
	at java.awt.EventDispatchThread.pumpEvents(EventDispatchThread.java:169)
	at java.awt.EventDispatchThread.pumpEvents(EventDispatchThread.java:161)
	at java.awt.EventDispatchThread.run(EventDispatchThread.java:122)
Caused by: java.net.ConnectException: Connection refused: no further information
	at sun.nio.ch.SocketChannelImpl.checkConnect(Native Method)
	at sun.nio.ch.SocketChannelImpl.finishConnect(SocketChannelImpl.java:574)
	at org.apache.mina.transport.socket.nio.NioSocketConnector.finishConnect(NioSocketConnector.java:223)
	at org.apache.mina.transport.socket.nio.NioSocketConnector.finishConnect(NioSocketConnector.java:45)
	at org.apache.mina.core.polling.AbstractPollingIoConnector.processConnections(AbstractPollingIoConnector.java:428)
	at org.apache.mina.core.polling.AbstractPollingIoConnector.access$500(AbstractPollingIoConnector.java:63)
	at org.apache.mina.core.polling.AbstractPollingIoConnector$Connector.run(AbstractPollingIoConnector.java:477)
	at org.apache.mina.util.NamePreservingRunnable.run(NamePreservingRunnable.java:64)
	at java.util.concurrent.ThreadPoolExecutor$Worker.runTask(ThreadPoolExecutor.java:886)
	at java.util.concurrent.ThreadPoolExecutor$Worker.run(ThreadPoolExecutor.java:908)
	at java.lang.Thread.run(Thread.java:619)
2014-07-04 10:31:52[com.ltmonitor.jt809.server.PlatformClient(89)-ERROR] 主链路连接失败,服务器:192.168.10.210:8900
org.apache.mina.core.RuntimeIoException: Failed to get the session.
	at org.apache.mina.core.future.DefaultConnectFuture.getSession(DefaultConnectFuture.java:60)
	at com.ltmonitor.jt809.server.PlatformClient.start(PlatformClient.java:83)
	at com.ltmonitor.jt809.app.T809Manager.StartServer(T809Manager.java:330)
	at com.ltmonitor.jt809.frame.MainFrame.ConnectMainLink(MainFrame.java:355)
	at com.ltmonitor.jt809.frame.MainFrame.access$6(MainFrame.java:349)
	at com.ltmonitor.jt809.frame.MainFrame$7.actionPerformed(MainFrame.java:202)
	at javax.swing.AbstractButton.fireActionPerformed(AbstractButton.java:1995)
	at javax.swing.AbstractButton$Handler.actionPerformed(AbstractButton.java:2318)
	at javax.swing.DefaultButtonModel.fireActionPerformed(DefaultButtonModel.java:387)
	at javax.swing.DefaultButtonModel.setPressed(DefaultButtonModel.java:242)
	at javax.swing.plaf.basic.BasicButtonListener.mouseReleased(BasicButtonListener.java:236)
	at java.awt.Component.processMouseEvent(Component.java:6216)
	at javax.swing.JComponent.processMouseEvent(JComponent.java:3265)
	at java.awt.Component.processEvent(Component.java:5981)
	at java.awt.Container.processEvent(Container.java:2041)
	at java.awt.Component.dispatchEventImpl(Component.java:4583)
	at java.awt.Container.dispatchEventImpl(Container.java:2099)
	at java.awt.Component.dispatchEvent(Component.java:4413)
	at java.awt.LightweightDispatcher.retargetMouseEvent(Container.java:4556)
	at java.awt.LightweightDispatcher.processMouseEvent(Container.java:4220)
	at java.awt.LightweightDispatcher.dispatchEvent(Container.java:4150)
	at java.awt.Container.dispatchEventImpl(Container.java:2085)
	at java.awt.Window.dispatchEventImpl(Window.java:2475)
	at java.awt.Component.dispatchEvent(Component.java:4413)
	at java.awt.EventQueue.dispatchEvent(EventQueue.java:599)
	at java.awt.EventDispatchThread.pumpOneEventForFilters(EventDispatchThread.java:269)
	at java.awt.EventDispatchThread.pumpEventsForFilter(EventDispatchThread.java:184)
	at java.awt.EventDispatchThread.pumpEventsForHierarchy(EventDispatchThread.java:174)
	at java.awt.EventDispatchThread.pumpEvents(EventDispatchThread.java:169)
	at java.awt.EventDispatchThread.pumpEvents(EventDispatchThread.java:161)
	at java.awt.EventDispatchThread.run(EventDispatchThread.java:122)
Caused by: java.net.ConnectException: Connection refused: no further information
	at sun.nio.ch.SocketChannelImpl.checkConnect(Native Method)
	at sun.nio.ch.SocketChannelImpl.finishConnect(SocketChannelImpl.java:574)
	at org.apache.mina.transport.socket.nio.NioSocketConnector.finishConnect(NioSocketConnector.java:223)
	at org.apache.mina.transport.socket.nio.NioSocketConnector.finishConnect(NioSocketConnector.java:45)
	at org.apache.mina.core.polling.AbstractPollingIoConnector.processConnections(AbstractPollingIoConnector.java:428)
	at org.apache.mina.core.polling.AbstractPollingIoConnector.access$500(AbstractPollingIoConnector.java:63)
	at org.apache.mina.core.polling.AbstractPollingIoConnector$Connector.run(AbstractPollingIoConnector.java:477)
	at org.apache.mina.util.NamePreservingRunnable.run(NamePreservingRunnable.java:64)
	at java.util.concurrent.ThreadPoolExecutor$Worker.runTask(ThreadPoolExecutor.java:886)
	at java.util.concurrent.ThreadPoolExecutor$Worker.run(ThreadPoolExecutor.java:908)
	at java.lang.Thread.run(Thread.java:619)
2014-07-04 10:32:41[com.ltmonitor.jt809.server.PlatformClientHandler(21)-ERROR] 通讯时发生异常：远程主机强迫关闭了一个现有的连接。
java.io.IOException: 远程主机强迫关闭了一个现有的连接。
	at sun.nio.ch.SocketDispatcher.read0(Native Method)
	at sun.nio.ch.SocketDispatcher.read(SocketDispatcher.java:25)
	at sun.nio.ch.IOUtil.readIntoNativeBuffer(IOUtil.java:233)
	at sun.nio.ch.IOUtil.read(IOUtil.java:206)
	at sun.nio.ch.SocketChannelImpl.read(SocketChannelImpl.java:236)
	at org.apache.mina.transport.socket.nio.NioProcessor.read(NioProcessor.java:214)
	at org.apache.mina.transport.socket.nio.NioProcessor.read(NioProcessor.java:42)
	at org.apache.mina.core.polling.AbstractPollingIoProcessor.read(AbstractPollingIoProcessor.java:673)
	at org.apache.mina.core.polling.AbstractPollingIoProcessor.process(AbstractPollingIoProcessor.java:646)
	at org.apache.mina.core.polling.AbstractPollingIoProcessor.process(AbstractPollingIoProcessor.java:635)
	at org.apache.mina.core.polling.AbstractPollingIoProcessor.access$400(AbstractPollingIoProcessor.java:67)
	at org.apache.mina.core.polling.AbstractPollingIoProcessor$Processor.run(AbstractPollingIoProcessor.java:1079)
	at org.apache.mina.util.NamePreservingRunnable.run(NamePreservingRunnable.java:64)
	at java.util.concurrent.ThreadPoolExecutor$Worker.runTask(ThreadPoolExecutor.java:886)
	at java.util.concurrent.ThreadPoolExecutor$Worker.run(ThreadPoolExecutor.java:908)
	at java.lang.Thread.run(Thread.java:619)
